<?xml version="1.0" encoding="UTF-8"?>
<testng-results ignored="0" total="1" passed="1" failed="0" skipped="0">
  <reporter-output>
  </reporter-output>
  <suite started-at="2022-08-18T23:16:43 IST" name="Suite" finished-at="2022-08-18T23:17:07 IST" duration-ms="24318">
    <groups>
      <group name="cucumber">
        <method signature="AbstractTestNGCucumberTests.runScenario(io.cucumber.testng.PickleWrapper,io.cucumber.testng.FeatureWrapper)[pri:0, instance:in.swiggy.testscripts.TestRunner@4145bad8]" name="runScenario" class="io.cucumber.testng.AbstractTestNGCucumberTests"/>
      </group> <!-- cucumber -->
    </groups>
    <test started-at="2022-08-18T23:16:43 IST" name="Test" finished-at="2022-08-18T23:17:07 IST" duration-ms="24318">
      <class name="in.swiggy.testscripts.TestRunner">
        <test-method is-config="true" signature="setUpClass(org.testng.ITestContext)[pri:0, instance:in.swiggy.testscripts.TestRunner@4145bad8]" started-at="2022-08-18T23:16:43 IST" name="setUpClass" finished-at="2022-08-18T23:16:44 IST" duration-ms="1275" status="PASS">
          <params>
            <param index="0">
              <value>
                <![CDATA[org.testng.TestRunner@3fa21d49]]>
              </value>
            </param>
          </params>
          <reporter-output>
          </reporter-output>
        </test-method> <!-- setUpClass -->
        <test-method signature="runScenario(io.cucumber.testng.PickleWrapper,io.cucumber.testng.FeatureWrapper)[pri:0, instance:in.swiggy.testscripts.TestRunner@4145bad8]" started-at="2022-08-18T23:16:44 IST" name="runScenario" description="Runs Cucumber Scenarios" data-provider="scenarios" finished-at="2022-08-18T23:17:07 IST" duration-ms="22833" status="PASS">
          <params>
            <param index="0">
              <value>
                <![CDATA["A user should be able to order food in Swiggy app"]]>
              </value>
            </param>
            <param index="1">
              <value>
                <![CDATA["Ordering the food functionality test"]]>
              </value>
            </param>
          </params>
          <reporter-output>
          </reporter-output>
        </test-method> <!-- runScenario -->
        <test-method is-config="true" signature="tearDownClass()[pri:0, instance:in.swiggy.testscripts.TestRunner@4145bad8]" started-at="2022-08-18T23:17:07 IST" name="tearDownClass" finished-at="2022-08-18T23:17:07 IST" duration-ms="131" status="PASS">
          <reporter-output>
          </reporter-output>
        </test-method> <!-- tearDownClass -->
      </class> <!-- in.swiggy.testscripts.TestRunner -->
    </test> <!-- Test -->
  </suite> <!-- Suite -->
</testng-results>
